  Main.cpp
F:\Escuela\8-semestre\Computacion-Grafica\Laboratorio\Proyecto-Final\Codigo\316332046_Proyecto_GPO04\ProyectoFinal\ProyectoFinal\Main.cpp(237,24): warning C4244: 'inicializando': conversión de 'double' a 'GLfloat'; posible pérdida de datos
F:\Escuela\8-semestre\Computacion-Grafica\Laboratorio\Proyecto-Final\Codigo\316332046_Proyecto_GPO04\ProyectoFinal\ProyectoFinal\Main.cpp(1176,11): warning C4244: '=': conversión de 'double' a 'GLfloat'; posible pérdida de datos
F:\Escuela\8-semestre\Computacion-Grafica\Laboratorio\Proyecto-Final\Codigo\316332046_Proyecto_GPO04\ProyectoFinal\ProyectoFinal\Main.cpp(1177,11): warning C4244: '=': conversión de 'double' a 'GLfloat'; posible pérdida de datos
F:\Escuela\8-semestre\Computacion-Grafica\Laboratorio\Proyecto-Final\Codigo\316332046_Proyecto_GPO04\ProyectoFinal\ProyectoFinal\Main.cpp(1181,18): warning C4244: 'inicializando': conversión de 'double' a 'GLfloat'; posible pérdida de datos
F:\Escuela\8-semestre\Computacion-Grafica\Laboratorio\Proyecto-Final\Codigo\316332046_Proyecto_GPO04\ProyectoFinal\ProyectoFinal\Main.cpp(1182,18): warning C4244: 'inicializando': conversión de 'double' a 'GLfloat'; posible pérdida de datos
F:\Escuela\8-semestre\Computacion-Grafica\Laboratorio\Proyecto-Final\Codigo\316332046_Proyecto_GPO04\ProyectoFinal\ProyectoFinal\Main.cpp(1184,10): warning C4244: '=': conversión de 'double' a 'GLfloat'; posible pérdida de datos
F:\Escuela\8-semestre\Computacion-Grafica\Laboratorio\Proyecto-Final\Codigo\316332046_Proyecto_GPO04\ProyectoFinal\ProyectoFinal\Main.cpp(1185,10): warning C4244: '=': conversión de 'double' a 'GLfloat'; posible pérdida de datos
LINK : warning LNK4075: se omite '/INCREMENTAL' debido a la especificación '/LTCG'
soil2-debug.lib(SOIL2.obj) : warning LNK4075: se omite '/EDITANDCONTINUE' debido a la especificación '/OPT:ICF'
LINK : warning LNK4098: la biblioteca predeterminada'MSVCRTD' entra en conflicto con otras bibliotecas; use la biblioteca /NODEFAULTLIB:biblioteca
  Generando código
  1 of 612 functions ( 0.2%) were compiled, the rest were copied from previous compilation.
    0 functions were new in current compilation
    0 functions had inline decision re-evaluated but remain unchanged
  Generación de código finalizada
soil2-debug.lib(etc1_utils.obj) : warning LNK4099: no se encontró PDB 'soil2-debug.pdb' con 'soil2-debug.lib(etc1_utils.obj)' o en 'F:\Escuela\8-semestre\Computacion-Grafica\Laboratorio\Proyecto-Final\Codigo\316332046_Proyecto_GPO04\ProyectoFinal\Release\soil2-debug.pdb'; se vinculará el objeto sin tener en cuenta información de depuración
soil2-debug.lib(image_DXT.obj) : warning LNK4099: no se encontró PDB 'soil2-debug.pdb' con 'soil2-debug.lib(image_DXT.obj)' o en 'F:\Escuela\8-semestre\Computacion-Grafica\Laboratorio\Proyecto-Final\Codigo\316332046_Proyecto_GPO04\ProyectoFinal\Release\soil2-debug.pdb'; se vinculará el objeto sin tener en cuenta información de depuración
soil2-debug.lib(image_helper.obj) : warning LNK4099: no se encontró PDB 'soil2-debug.pdb' con 'soil2-debug.lib(image_helper.obj)' o en 'F:\Escuela\8-semestre\Computacion-Grafica\Laboratorio\Proyecto-Final\Codigo\316332046_Proyecto_GPO04\ProyectoFinal\Release\soil2-debug.pdb'; se vinculará el objeto sin tener en cuenta información de depuración
soil2-debug.lib(SOIL2.obj) : warning LNK4099: no se encontró PDB 'soil2-debug.pdb' con 'soil2-debug.lib(SOIL2.obj)' o en 'F:\Escuela\8-semestre\Computacion-Grafica\Laboratorio\Proyecto-Final\Codigo\316332046_Proyecto_GPO04\ProyectoFinal\Release\soil2-debug.pdb'; se vinculará el objeto sin tener en cuenta información de depuración
  ProyectoFinal.vcxproj -> F:\Escuela\8-semestre\Computacion-Grafica\Laboratorio\Proyecto-Final\Codigo\316332046_Proyecto_GPO04\ProyectoFinal\Release\ProyectoFinal.exe
